<?xml version='1.0' encoding='UTF-8'?>
<testsuite hostname="MAALDE1-mSFT3" name="com.microsoft.azure.cosmosdb.kafka.connect.sink.CosmosDBSinkSettingsTest" tests="10" errors="0" failures="0" skipped="0" time="0.066" timestamp="2019-04-12T20:27:51">
                     <properties>
      <property name="jline.esc.timeout" value="0"/><property name="java.runtime.name" value="Java(TM) SE Runtime Environment"/><property name="sun.boot.library.path" value="C:\Program Files\Java\jdk1.8.0_201\jre\bin"/><property name="java.vm.version" value="25.201-b09"/><property name="java.vm.vendor" value="Oracle Corporation"/><property name="java.vendor.url" value="http://java.oracle.com/"/><property name="path.separator" value=";"/><property name="jna.loaded" value="true"/><property name="java.vm.name" value="Java HotSpot(TM) 64-Bit Server VM"/><property name="file.encoding.pkg" value="sun.io"/><property name="user.country" value="US"/><property name="user.script" value=""/><property name="sun.java.launcher" value="SUN_STANDARD"/><property name="sun.os.patch.level" value=""/><property name="jna.nosys" value="true"/><property name="java.vm.specification.name" value="Java Virtual Machine Specification"/><property name="user.dir" value="C:\kafka-connect-cosmosdb"/><property name="java.runtime.version" value="1.8.0_201-b09"/><property name="java.awt.graphicsenv" value="sun.awt.Win32GraphicsEnvironment"/><property name="java.endorsed.dirs" value="C:\Program Files\Java\jdk1.8.0_201\jre\lib\endorsed"/><property name="os.arch" value="amd64"/><property name="java.io.tmpdir" value="C:\Users\maalde\AppData\Local\Temp\"/><property name="line.separator" value="
"/><property name="java.vm.specification.vendor" value="Oracle Corporation"/><property name="user.variant" value=""/><property name="os.name" value="Windows 10"/><property name="sun.jnu.encoding" value="Cp1252"/><property name="jnidispatch.path" value="C:\Users\maalde\AppData\Local\Temp\jna--1081811584\jna2274013619121873805.dll"/><property name="java.library.path" value="C:\Program Files\Java\jdk1.8.0_201\bin;C:\WINDOWS\Sun\Java\bin;C:\WINDOWS\system32;C:\WINDOWS;C:\Program Files\Java\jdk1.8.0_201\bin;C:\ProgramData\DockerDesktop\version-bin;C:\Program Files\Docker\Docker\Resources\bin;C:\Program Files (x86)\Common Files\Oracle\Java\javapath;C:\Program Files (x86)\Microsoft SDKs\Azure\CLI2\wbin;C:\Program Files\Common Files\Microsoft Shared\Microsoft Online Services;C:\Program Files (x86)\Common Files\Microsoft Shared\Microsoft Online Services;C:\WINDOWS\system32;C:\WINDOWS;C:\WINDOWS\System32\Wbem;C:\WINDOWS\System32\WindowsPowerShell\v1.0\;C:\WINDOWS\System32\OpenSSH\;C:\Program Files (x86)\Skype\Phone\;C:\Program Files\dotnet\;C:\Program Files\Microsoft SQL Server\130\Tools\Binn\;C:\ProgramData\chocolatey\bin;C:\azure-tools\acs-engine;C:\Program Files\PuTTY\;C:\Program Files (x86)\Microsoft SQL Server\150\DTS\Binn\;C:\Program Files\Azure Data Studio\bin;C:\Program Files\Java\apache-maven-3.6.0\bin;C:\Go\bin;C:\Terraform;C:\Program Files (x86)\GnuWin32\bin;C:\Program Files\Intel\WiFi\bin\;C:\Program Files\Common Files\Intel\WirelessCommon\;C:\ProgramData\iotedge;C:\Program Files\Microsoft\Web Platform Installer\;C:\Program Files (x86)\mmix;C:\Program Files\TortoiseSVN\bin;C:\mmix.src\mmix-visualcpp\MMIX\utils;C:\Program Files\MiKTeX 2.9\miktex\bin\x64\;C:\Program Files (x86)\vmb;C:\Program Files (x86)\scala\bin;C:\Program Files\Java\jdk1.8.0_201\bin;C:\Program Files (x86)\Microsoft SQL Server\Client SDK\ODBC\130\Tools\Binn\;C:\Program Files (x86)\Microsoft SQL Server\140\Tools\Binn\;C:\Program Files (x86)\Microsoft SQL Server\140\DTS\Binn\;C:\Program Files (x86)\Microsoft SQL Server\140\Tools\Binn\ManagementStudio\;C:\Program Files (x86)\sbt\bin;C:\Program Files\Microsoft SQL Server\Client SDK\ODBC\170\Tools\Binn\;C:\Program Files\Git\cmd;C:\Program Files\Git\mingw64\bin;C:\Program Files\Git\usr\bin;C:\Users\maalde\AppData\Local\Microsoft\WindowsApps;C:\Users\maalde\AppData\Local\Programs\Microsoft VS Code\bin;C:\Users\maalde\go\bin;C:\Users\maalde\.dotnet\tools;C:\Users\maalde\AppData\Local\Microsoft\WindowsApps;C:\Users\maalde\go\bin;C:\Users\maalde\AppData\Local\Programs\MiKTeX 2.9\miktex\bin\x64\;C:\kafka-2.1.0\bin\windows;."/><property name="java.specification.name" value="Java Platform API Specification"/><property name="java.class.version" value="52.0"/><property name="sun.management.compiler" value="HotSpot 64-Bit Tiered Compilers"/><property name="os.version" value="10.0"/><property name="user.home" value="C:\Users\maalde"/><property name="user.timezone" value="America/Sao_Paulo"/><property name="java.awt.printerjob" value="sun.awt.windows.WPrinterJob"/><property name="file.encoding" value="Cp1252"/><property name="java.specification.version" value="1.8"/><property name="sbt.log.format" value="true"/><property name="java.class.path" value="C:\Program Files (x86)\sbt\bin\sbt-launch.jar"/><property name="user.name" value="maalde"/><property name="jline.shutdownhook" value="false"/><property name="java.vm.specification.version" value="1.8"/><property name="sun.java.command" value="xsbt.boot.Boot"/><property name="java.home" value="C:\Program Files\Java\jdk1.8.0_201\jre"/><property name="sun.arch.data.model" value="64"/><property name="user.language" value="en"/><property name="java.specification.vendor" value="Oracle Corporation"/><property name="awt.toolkit" value="sun.awt.windows.WToolkit"/><property name="java.vm.info" value="mixed mode"/><property name="java.version" value="1.8.0_201"/><property name="java.ext.dirs" value="C:\Program Files\Java\jdk1.8.0_201\jre\lib\ext;C:\WINDOWS\Sun\Java\lib\ext"/><property name="sun.boot.class.path" value="C:\Program Files\Java\jdk1.8.0_201\jre\lib\resources.jar;C:\Program Files\Java\jdk1.8.0_201\jre\lib\rt.jar;C:\Program Files\Java\jdk1.8.0_201\jre\lib\sunrsasign.jar;C:\Program Files\Java\jdk1.8.0_201\jre\lib\jsse.jar;C:\Program Files\Java\jdk1.8.0_201\jre\lib\jce.jar;C:\Program Files\Java\jdk1.8.0_201\jre\lib\charsets.jar;C:\Program Files\Java\jdk1.8.0_201\jre\lib\jfr.jar;C:\Program Files\Java\jdk1.8.0_201\jre\classes"/><property name="java.vendor" value="Oracle Corporation"/><property name="sun.stderr.encoding" value="cp437"/><property name="file.separator" value="\"/><property name="java.vendor.url.bug" value="http://bugreport.sun.com/bugreport/"/><property name="sun.io.unicode.encoding" value="UnicodeLittle"/><property name="sun.cpu.endian" value="little"/><property name="sun.stdout.encoding" value="cp437"/><property name="sun.desktop" value="windows"/><property name="sun.cpu.isalist" value="amd64"/>
    </properties>
                     <testcase classname="com.microsoft.azure.cosmosdb.kafka.connect.sink.CosmosDBSinkSettingsTest" name="CosmosDBSinkSettings should throws an exception if endpoint is empty" time="0.05">
                                                 
                                               </testcase><testcase classname="com.microsoft.azure.cosmosdb.kafka.connect.sink.CosmosDBSinkSettingsTest" name="CosmosDBSinkSettings should throws an exception if masterkey is empty" time="0.002">
                                                 
                                               </testcase><testcase classname="com.microsoft.azure.cosmosdb.kafka.connect.sink.CosmosDBSinkSettingsTest" name="CosmosDBSinkSettings should throws an exception if database is empty" time="0.001">
                                                 
                                               </testcase><testcase classname="com.microsoft.azure.cosmosdb.kafka.connect.sink.CosmosDBSinkSettingsTest" name="CosmosDBSinkSettings should throws an exception if collection is empty" time="0.001">
                                                 
                                               </testcase><testcase classname="com.microsoft.azure.cosmosdb.kafka.connect.sink.CosmosDBSinkSettingsTest" name="CosmosDBSinkSettings should throws an exception if topic name is empty" time="0.001">
                                                 
                                               </testcase><testcase classname="com.microsoft.azure.cosmosdb.kafka.connect.sink.CosmosDBSinkSettingsTest" name="CosmosDBSinkSettings should createDatabase &amp;&amp; createCollection should be false if no setting provided" time="0.009">
                                                 
                                               </testcase><testcase classname="com.microsoft.azure.cosmosdb.kafka.connect.sink.CosmosDBSinkSettingsTest" name="CosmosDBSinkSettings should set createDatabase flag if value is set to true" time="0.0">
                                                 
                                               </testcase><testcase classname="com.microsoft.azure.cosmosdb.kafka.connect.sink.CosmosDBSinkSettingsTest" name="CosmosDBSinkSettings should set createCollection flag if value is set to true" time="0.0">
                                                 
                                               </testcase><testcase classname="com.microsoft.azure.cosmosdb.kafka.connect.sink.CosmosDBSinkSettingsTest" name="CosmosDBSinkSettings should should throw an exception if createDatabase is neither &quot;true&quot; or &quot;false" time="0.001">
                                                 
                                               </testcase><testcase classname="com.microsoft.azure.cosmosdb.kafka.connect.sink.CosmosDBSinkSettingsTest" name="CosmosDBSinkSettings should should throw an exception if createCollection is neither &quot;true&quot; or &quot;false" time="0.001">
                                                 
                                               </testcase>
                     <system-out><![CDATA[]]></system-out>
                     <system-err><![CDATA[]]></system-err>
                   </testsuite>